<?xml version="1.0" encoding="UTF-8"?>
<testng-results skipped="0" failed="0" ignored="0" total="1" passed="1">
  <reporter-output>
  </reporter-output>
  <suite name="Default suite" duration-ms="18147" started-at="2022-04-08T21:40:15Z" finished-at="2022-04-08T21:40:33Z">
    <groups>
      <group name="cucumber">
        <method signature="AbstractTestNGCucumberTests.runScenario(io.cucumber.testng.PickleWrapper, io.cucumber.testng.FeatureWrapper)[pri:0, instance:cucumberOptions.TestNGTestRunnerForFramework@16a0ee18]" name="runScenario" class="io.cucumber.testng.AbstractTestNGCucumberTests"/>
      </group> <!-- cucumber -->
    </groups>
    <test name="Default test" duration-ms="18147" started-at="2022-04-08T21:40:15Z" finished-at="2022-04-08T21:40:33Z">
      <class name="cucumberOptions.TestNGTestRunnerForFramework">
        <test-method status="PASS" signature="setUpClass(org.testng.ITestContext)[pri:0, instance:cucumberOptions.TestNGTestRunnerForFramework@16a0ee18]" name="setUpClass" is-config="true" duration-ms="1908" started-at="2022-04-08T21:40:15Z" finished-at="2022-04-08T21:40:17Z">
          <params>
            <param index="0">
              <value>
                <![CDATA[org.testng.TestRunner@232cce0]]>
              </value>
            </param>
          </params>
          <reporter-output>
          </reporter-output>
        </test-method> <!-- setUpClass -->
        <test-method status="PASS" signature="runScenario(io.cucumber.testng.PickleWrapper, io.cucumber.testng.FeatureWrapper)[pri:0, instance:cucumberOptions.TestNGTestRunnerForFramework@16a0ee18]" name="runScenario" duration-ms="15581" started-at="2022-04-08T21:40:17Z" description="Runs Cucumber Scenarios" data-provider="scenarios" finished-at="2022-04-08T21:40:32Z">
          <params>
            <param index="0">
              <value>
                <![CDATA["Search Experience for product search in both Home and Offers Page"]]>
              </value>
            </param>
            <param index="1">
              <value>
                <![CDATA["Optional[Search and Place the Order for Products]"]]>
              </value>
            </param>
          </params>
          <reporter-output>
          </reporter-output>
        </test-method> <!-- runScenario -->
        <test-method status="PASS" signature="tearDownClass()[pri:0, instance:cucumberOptions.TestNGTestRunnerForFramework@16a0ee18]" name="tearDownClass" is-config="true" duration-ms="301" started-at="2022-04-08T21:40:33Z" finished-at="2022-04-08T21:40:33Z">
          <reporter-output>
          </reporter-output>
        </test-method> <!-- tearDownClass -->
      </class> <!-- cucumberOptions.TestNGTestRunnerForFramework -->
    </test> <!-- Default test -->
  </suite> <!-- Default suite -->
</testng-results>
